[[1;34mINFO[m] Scanning for projects...
[[1;33mWARNING[m] 
[[1;33mWARNING[m] Some problems were encountered while building the effective model for fr.lightning:Orm_JuriLog:jar:1
[[1;33mWARNING[m] 'dependencies.dependency.(groupId:artifactId:type:classifier)' must be unique: org.springframework.boot:spring-boot-starter-web:jar -> duplicate declaration of version (?) @ line 30, column 15
[[1;33mWARNING[m] 
[[1;33mWARNING[m] It is highly recommended to fix these problems because they threaten the stability of your build.
[[1;33mWARNING[m] 
[[1;33mWARNING[m] For this reason, future Maven versions might no longer support building such malformed projects.
[[1;33mWARNING[m] 
[[1;34mINFO[m] 
[[1;34mINFO[m] [1m----------------------< [0;36mfr.lightning:Orm_JuriLog[0;1m >----------------------[m
[[1;34mINFO[m] [1mBuilding Orm 1[m
[[1;34mINFO[m] [1m--------------------------------[ jar ]---------------------------------[m
[[1;34mINFO[m] 
[[1;34mINFO[m] [1m>>> [0;32mspring-boot-maven-plugin:2.5.5:run[m [1m(default-cli)[0;1m > [0;1mtest-compile[m @ [36mOrm_JuriLog[0;1m >>>[m
[[1;34mINFO[m] 
[[1;34mINFO[m] [1m--- [0;32mmaven-resources-plugin:3.2.0:resources[m [1m(default-resources)[m @ [36mOrm_JuriLog[0;1m ---[m
[[1;34mINFO[m] Using 'UTF-8' encoding to copy filtered resources.
[[1;34mINFO[m] Using 'UTF-8' encoding to copy filtered properties files.
[[1;34mINFO[m] Copying 1 resource
[[1;34mINFO[m] Copying 1 resource
[[1;34mINFO[m] 
[[1;34mINFO[m] [1m--- [0;32mmaven-compiler-plugin:3.8.1:compile[m [1m(default-compile)[m @ [36mOrm_JuriLog[0;1m ---[m
[[1;34mINFO[m] Nothing to compile - all classes are up to date
[[1;34mINFO[m] 
[[1;34mINFO[m] [1m--- [0;32mmaven-resources-plugin:3.2.0:testResources[m [1m(default-testResources)[m @ [36mOrm_JuriLog[0;1m ---[m
[[1;34mINFO[m] Using 'UTF-8' encoding to copy filtered resources.
[[1;34mINFO[m] Using 'UTF-8' encoding to copy filtered properties files.
[[1;34mINFO[m] skip non existing resourceDirectory /home/daniel-reyt/Bureau/fil_rouge_4.0.3_daniel/orm/src/test/resources
[[1;34mINFO[m] 
[[1;34mINFO[m] [1m--- [0;32mmaven-compiler-plugin:3.8.1:testCompile[m [1m(default-testCompile)[m @ [36mOrm_JuriLog[0;1m ---[m
[[1;34mINFO[m] Nothing to compile - all classes are up to date
[[1;34mINFO[m] 
[[1;34mINFO[m] [1m<<< [0;32mspring-boot-maven-plugin:2.5.5:run[m [1m(default-cli)[0;1m < [0;1mtest-compile[m @ [36mOrm_JuriLog[0;1m <<<[m
[[1;34mINFO[m] 
[[1;34mINFO[m] 
[[1;34mINFO[m] [1m--- [0;32mspring-boot-maven-plugin:2.5.5:run[m [1m(default-cli)[m @ [36mOrm_JuriLog[0;1m ---[m
[[1;34mINFO[m] Attaching agents: []

  .   ____          _            __ _ _
 /\\ / ___'_ __ _ _(_)_ __  __ _ \ \ \ \
( ( )\___ | '_ | '_| | '_ \/ _` | \ \ \ \
 \\/  ___)| |_)| | | | | || (_| |  ) ) ) )
  '  |____| .__|_| |_|_| |_\__, | / / / /
 =========|_|==============|___/=/_/_/_/
 :: Spring Boot ::                (v2.5.4)

2022-02-09 10:39:05.698  INFO 132052 --- [  restartedMain] fr.lightning.OrmJurilog                  : Starting OrmJurilog using Java 1.8.0_312 on danielreyt-Latitude-5420 with PID 132052 (/home/daniel-reyt/Bureau/fil_rouge_4.0.3_daniel/orm/target/classes started by daniel-reyt in /home/daniel-reyt/Bureau/fil_rouge_4.0.3_daniel/orm)
2022-02-09 10:39:05.700  INFO 132052 --- [  restartedMain] fr.lightning.OrmJurilog                  : No active profile set, falling back to default profiles: default
2022-02-09 10:39:05.746  INFO 132052 --- [  restartedMain] .e.DevToolsPropertyDefaultsPostProcessor : Devtools property defaults active! Set 'spring.devtools.add-properties' to 'false' to disable
2022-02-09 10:39:05.747  INFO 132052 --- [  restartedMain] .e.DevToolsPropertyDefaultsPostProcessor : For additional web related logging consider setting the 'logging.level.web' property to 'DEBUG'
2022-02-09 10:39:06.587  INFO 132052 --- [  restartedMain] .s.d.r.c.RepositoryConfigurationDelegate : Bootstrapping Spring Data JPA repositories in DEFAULT mode.
2022-02-09 10:39:06.710  INFO 132052 --- [  restartedMain] .s.d.r.c.RepositoryConfigurationDelegate : Finished Spring Data repository scanning in 116 ms. Found 7 JPA repository interfaces.
[[1;34mINFO[m] Scanning for projects...
2022-02-09 10:39:07.367  INFO 132052 --- [  restartedMain] o.s.b.w.embedded.tomcat.TomcatWebServer  : Tomcat initialized with port(s): 8989 (http)
2022-02-09 10:39:07.381  INFO 132052 --- [  restartedMain] o.apache.catalina.core.StandardService   : Starting service [Tomcat]
2022-02-09 10:39:07.381  INFO 132052 --- [  restartedMain] org.apache.catalina.core.StandardEngine  : Starting Servlet engine: [Apache Tomcat/9.0.52]
2022-02-09 10:39:07.448  INFO 132052 --- [  restartedMain] o.a.c.c.C.[Tomcat].[localhost].[/]       : Initializing Spring embedded WebApplicationContext
2022-02-09 10:39:07.448  INFO 132052 --- [  restartedMain] w.s.c.ServletWebServerApplicationContext : Root WebApplicationContext: initialization completed in 1701 ms
2022-02-09 10:39:07.496  INFO 132052 --- [  restartedMain] com.zaxxer.hikari.HikariDataSource       : HikariPool-1 - Starting...
[[1;33mWARNING[m] 
[[1;33mWARNING[m] Some problems were encountered while building the effective model for fr.lightning:Orm_JuriLog:jar:1
[[1;33mWARNING[m] 'dependencies.dependency.(groupId:artifactId:type:classifier)' must be unique: org.springframework.boot:spring-boot-starter-web:jar -> duplicate declaration of version (?) @ line 30, column 15
[[1;33mWARNING[m] 
[[1;33mWARNING[m] It is highly recommended to fix these problems because they threaten the stability of your build.
[[1;33mWARNING[m] 
[[1;33mWARNING[m] For this reason, future Maven versions might no longer support building such malformed projects.
[[1;33mWARNING[m] 
[[1;34mINFO[m] 
[[1;34mINFO[m] [1m----------------------< [0;36mfr.lightning:Orm_JuriLog[0;1m >----------------------[m
[[1;34mINFO[m] [1mBuilding Orm 1[m
[[1;34mINFO[m]2022-02-09 10:39:07.590  INFO 132052 --- [  restartedMain] com.zaxxer.hikari.HikariDataSource       : HikariPool-1 - Start completed.
 [1m--------------------------------[ jar ]---------------------------------[m
2022-02-09 10:39:07.596  INFO 132052 --- [  restartedMain] o.s.b.a.h2.H2ConsoleAutoConfiguration    : H2 console available at '/h2-console'. Database available at 'jdbc:h2:mem:testDB'
[[1;34mINFO[m] 
[[1;34mINFO[m] [1m>>> [0;32mspring-boot-maven-plugin:2.5.5:run[m [1m(default-cli)[0;1m > [0;1mtest-compile[m @ [36mOrm_JuriLog[0;1m >>>[m
2022-02-09 10:39:07.747  INFO 132052 --- [  restartedMain] o.hibernate.jpa.internal.util.LogHelper  : HHH000204: Processing PersistenceUnitInfo [name: default]
2022-02-09 10:39:07.792  INFO 132052 --- [  restartedMain] org.hibernate.Version                    : HHH000412: Hibernate ORM core version 5.4.32.Final
2022-02-09 10:39:07.921  INFO 132052 --- [  restartedMain] o.hibernate.annotations.common.Version   : HCANN000001: Hibernate Commons Annotations {5.1.2.Final}
2022-02-09 10:39:08.016  INFO 132052 --- [  restartedMain] org.hibernate.dialect.Dialect            : HHH000400: Using dialect: org.hibernate.dialect.H2Dialect
[[1;34mINFO[m] 
[[1;34mINFO[m] [1m--- [0;32mmaven-resources-plugin:3.2.0:resources[m [1m(default-resources)[m @ [36mOrm_JuriLog[0;1m ---[m
[[1;34mINFO[m] Using 'UTF-8' encoding to copy filtered resources.
[[1;34mINFO[m] Using 'UTF-8' encoding to copy filtered properties files.
[[1;34mINFO[m] Copying 1 resource
[[1;34mINFO[m] Copying 1 resource
[[1;34mINFO[m] 
[[1;34mINFO[m] [1m--- [0;32mmaven-compiler-plugin:3.8.1:compile[m [1m(default-compile)[m @ [36mOrm_JuriLog[0;1m ---[m
[[1;34mINFO[m] Nothing to compile - all classes are up to date
[[1;34mINFO[m] 
[[1;34mINFO[m] [1m--- [0;32mmaven-resources-plugin:3.2.0:testResources[m [1m(default-testResources)[m @ [36mOrm_JuriLog[0;1m ---[m
[[1;34mINFO[m] Using 'UTF-8' encoding to copy filtered resources.
[[1;34mINFO[m] Using 'UTF-8' encoding to copy filtered properties files.
[[1;34mINFO[m] skip non existing resourceDirectory /home/daniel-reyt/Bureau/fil_rouge_4.0.3_daniel/orm/src/test/resources
[[1;34mINFO[m] 
[[1;34mINFO[m] [1m--- [0;32mmaven-compiler-plugin:3.8.1:testCompile[m [1m(default-testCompile)[m @ [36mOrm_JuriLog[0;1m ---[m
[[1;34mINFO[m] Nothing to compile - all classes are up to date
[[1;34mINFO[m] 
[[1;34mINFO[m] [1m<<< [0;32mspring-boot-maven-plugin:2.5.5:run[m [1m(default-cli)[0;1m < [0;1mtest-compile[m @ [36mOrm_JuriLog[0;1m <<<[m
[[1;34mINFO[m] 
[[1;34mINFO[m] 
[[1;34mINFO[m] [1m--- [0;32mspring-boot-maven-plugin:2.5.5:run[m [1m(default-cli)[m @ [36mOrm_JuriLog[0;1m ---[m
Hibernate: drop table if exists avocat CASCADE 
Hibernate: drop table if exists balance CASCADE 
Hibernate: drop table if exists balance_avocat CASCADE 
Hibernate: drop table if exists client CASCADE 
Hibernate: drop table if exists facture CASCADE 
Hibernate: drop table if exists rdv CASCADE 
Hibernate: drop table if exists type_rdv CASCADE 
Hibernate: create table avocat (id integer generated by default as identity, adress varchar(255), nom varchar(255), password varchar(255), phone varchar(255), prenom varchar(255), type varchar(255), username varchar(255), primary key (id))
Hibernate: create table balance (id integer generated by default as identity, montant integer not null, client_id integer, primary key (id))
Hibernate: create table balance_avocat (id integer generated by default as identity, montant integer not null, avocat_id integer, primary key (id))
Hibernate: create table client (id integer generated by default as identity, adresse varchar(255), nom varchar(255), password varchar(255), phone varchar(255), prenom varchar(255), type varchar(255), username varchar(255), primary key (id))
Hibernate: create table facture (id integer generated by default as identity, nb_heure integer not null, status_facture varchar(255), taux_honoraire double, total_facture double not null, rdv_id integer, primary key (id))
Hibernate: create table rdv (id integer generated by default as identity, date varchar(255), heure varchar(255), status integer not null, avocat_id integer, client_id integer, type_id integer, primary key (id))
Hibernate: create table type_rdv (id integer generated by default as identity, percent_augmentation double not null, type_rdv_name varchar(255), primary key (id))
Hibernate: alter table balance add constraint FK13o20b873igddbreehug3mxu1 foreign key (client_id) references client
Hibernate: alter table balance_avocat add constraint FK2jyjxpaokdlbw2pdp9y1tkq7p foreign key (avocat_id) references avocat
Hibernate: alter table facture add constraint FK3qeo9hupt12ag08oy48jb5jub foreign key (rdv_id) references rdv
Hibernate: alter table rdv add constraint FKpnbugu5hrbb505r3ce1d2xwle foreign key (avocat_id) references avocat
Hibernate: alter table rdv add constraint FK4geby8ybg0xdiyyopc7gyh2jc foreign key (client_id) references client
Hibernate: alter table rdv add constraint FK7pm5gu2otcsh0bjk4mw5tbq1k foreign key (type_id) references type_rdv
2022-02-09 10:39:08.886  INFO 132052 --- [  restartedMain] o.h.e.t.j.p.i.JtaPlatformInitiator       : HHH000490: Using JtaPlatform implementation: [org.hibernate.engine.transaction.jta.platform.internal.NoJtaPlatform]
2022-02-09 10:39:08.915  INFO 132052 --- [  restartedMain] j.LocalContainerEntityManagerFactoryBean : Initialized JPA EntityManagerFactory for persistence unit 'default'
[[1;34mINFO[m] Attaching agents: []
2022-02-09 10:39:09.799  WARN 132052 --- [  restartedMain] JpaBaseConfiguration$JpaWebConfiguration : spring.jpa.open-in-view is enabled by default. Therefore, database queries may be performed during view rendering. Explicitly configure spring.jpa.open-in-view to disable this warning
2022-02-09 10:39:09.973  INFO 132052 --- [  restartedMain] pertySourcedRequestMappingHandlerMapping : Mapped URL path [/v2/api-docs] onto method [springfox.documentation.swagger2.web.Swagger2Controller#getDocumentation(String, HttpServletRequest)]

  .   ____          _            __ _ _
 /\\ / ___'_ __ _ _(_)_ __  __ _ \ \ \ \
( ( )\___ | '_ | '_| | '_ \/ _` | \ \ \ \
 \\/  ___)| |_)| | | | | || (_| |  ) ) ) )
  '  |____| .__|_| |_|_| |_\__, | / / / /
 =========|_|==============|___/=/_/_/_/
 :: Spring Boot ::                (v2.5.4)

2022-02-09 10:39:10.070  INFO 132188 --- [  restartedMain] fr.lightning.OrmJurilog                  : Starting OrmJurilog using Java 1.8.0_312 on danielreyt-Latitude-5420 with PID 132188 (/home/daniel-reyt/Bureau/fil_rouge_4.0.3_daniel/orm/target/classes started by daniel-reyt in /home/daniel-reyt/Bureau/fil_rouge_4.0.3_daniel/orm)
2022-02-09 10:39:10.073  INFO 132188 --- [  restartedMain] fr.lightning.OrmJurilog                  : No active profile set, falling back to default profiles: default
2022-02-09 10:39:10.085  INFO 132052 --- [  restartedMain] o.s.b.d.a.OptionalLiveReloadServer       : LiveReload server is running on port 35729
2022-02-09 10:39:10.119  INFO 132188 --- [  restartedMain] .e.DevToolsPropertyDefaultsPostProcessor : Devtools property defaults active! Set 'spring.devtools.add-properties' to 'false' to disable
2022-02-09 10:39:10.119  INFO 132188 --- [  restartedMain] .e.DevToolsPropertyDefaultsPostProcessor : For additional web related logging consider setting the 'logging.level.web' property to 'DEBUG'
2022-02-09 10:39:10.242  INFO 132052 --- [  restartedMain] o.s.b.w.embedded.tomcat.TomcatWebServer  : Tomcat started on port(s): 8989 (http) with context path ''
2022-02-09 10:39:10.244  INFO 132052 --- [  restartedMain] d.s.w.p.DocumentationPluginsBootstrapper : Context refreshed
2022-02-09 10:39:10.257  INFO 132052 --- [  restartedMain] d.s.w.p.DocumentationPluginsBootstrapper : Found 1 custom documentation plugin(s)
2022-02-09 10:39:10.287  INFO 132052 --- [  restartedMain] s.d.s.w.s.ApiListingReferenceScanner     : Scanning for api listing references
2022-02-09 10:39:10.541  INFO 132052 --- [  restartedMain] fr.lightning.OrmJurilog                  : Started OrmJurilog in 5.197 seconds (JVM running for 5.529)
2022-02-09 10:39:10.736  INFO 132188 --- [  restartedMain] .s.d.r.c.RepositoryConfigurationDelegate : Bootstrapping Spring Data JPA repositories in DEFAULT mode.
2022-02-09 10:39:10.816  INFO 132188 --- [  restartedMain] .s.d.r.c.RepositoryConfigurationDelegate : Finished Spring Data repository scanning in 74 ms. Found 7 JPA repository interfaces.
2022-02-09 10:39:11.311  INFO 132188 --- [  restartedMain] o.s.b.w.embedded.tomcat.TomcatWebServer  : Tomcat initialized with port(s): 8989 (http)
2022-02-09 10:39:11.322  INFO 132188 --- [  restartedMain] o.apache.catalina.core.StandardService   : Starting service [Tomcat]
2022-02-09 10:39:11.323  INFO 132188 --- [  restartedMain] org.apache.catalina.core.StandardEngine  : Starting Servlet engine: [Apache Tomcat/9.0.52]
2022-02-09 10:39:11.378  INFO 132188 --- [  restartedMain] o.a.c.c.C.[Tomcat].[localhost].[/]       : Initializing Spring embedded WebApplicationContext
2022-02-09 10:39:11.379  INFO 132188 --- [  restartedMain] w.s.c.ServletWebServerApplicationContext : Root WebApplicationContext: initialization completed in 1259 ms
2022-02-09 10:39:11.425  INFO 132188 --- [  restartedMain] com.zaxxer.hikari.HikariDataSource       : HikariPool-1 - Starting...
2022-02-09 10:39:11.513  INFO 132188 --- [  restartedMain] com.zaxxer.hikari.HikariDataSource       : HikariPool-1 - Start completed.
2022-02-09 10:39:11.517  INFO 132188 --- [  restartedMain] o.s.b.a.h2.H2ConsoleAutoConfiguration    : H2 console available at '/h2-console'. Database available at 'jdbc:h2:mem:testDB'
2022-02-09 10:39:11.648  INFO 132188 --- [  restartedMain] o.hibernate.jpa.internal.util.LogHelper  : HHH000204: Processing PersistenceUnitInfo [name: default]
2022-02-09 10:39:11.684  INFO 132188 --- [  restartedMain] org.hibernate.Version                    : HHH000412: Hibernate ORM core version 5.4.32.Final
2022-02-09 10:39:11.770  INFO 132188 --- [  restartedMain] o.hibernate.annotations.common.Version   : HCANN000001: Hibernate Commons Annotations {5.1.2.Final}
2022-02-09 10:39:11.836  INFO 132188 --- [  restartedMain] org.hibernate.dialect.Dialect            : HHH000400: Using dialect: org.hibernate.dialect.H2Dialect
Hibernate: drop table if exists avocat CASCADE 
Hibernate: drop table if exists balance CASCADE 
Hibernate: drop table if exists balance_avocat CASCADE 
Hibernate: drop table if exists client CASCADE 
Hibernate: drop table if exists facture CASCADE 
Hibernate: drop table if exists rdv CASCADE 
Hibernate: drop table if exists type_rdv CASCADE 
Hibernate: create table avocat (id integer generated by default as identity, adress varchar(255), nom varchar(255), password varchar(255), phone varchar(255), prenom varchar(255), type varchar(255), username varchar(255), primary key (id))
Hibernate: create table balance (id integer generated by default as identity, montant integer not null, client_id integer, primary key (id))
Hibernate: create table balance_avocat (id integer generated by default as identity, montant integer not null, avocat_id integer, primary key (id))
Hibernate: create table client (id integer generated by default as identity, adresse varchar(255), nom varchar(255), password varchar(255), phone varchar(255), prenom varchar(255), type varchar(255), username varchar(255), primary key (id))
Hibernate: create table facture (id integer generated by default as identity, nb_heure integer not null, status_facture varchar(255), taux_honoraire double, total_facture double not null, rdv_id integer, primary key (id))
Hibernate: create table rdv (id integer generated by default as identity, date varchar(255), heure varchar(255), status integer not null, avocat_id integer, client_id integer, type_id integer, primary key (id))
Hibernate: create table type_rdv (id integer generated by default as identity, percent_augmentation double not null, type_rdv_name varchar(255), primary key (id))
Hibernate: alter table balance add constraint FK13o20b873igddbreehug3mxu1 foreign key (client_id) references client
Hibernate: alter table balance_avocat add constraint FK2jyjxpaokdlbw2pdp9y1tkq7p foreign key (avocat_id) references avocat
Hibernate: alter table facture add constraint FK3qeo9hupt12ag08oy48jb5jub foreign key (rdv_id) references rdv
Hibernate: alter table rdv add constraint FKpnbugu5hrbb505r3ce1d2xwle foreign key (avocat_id) references avocat
Hibernate: alter table rdv add constraint FK4geby8ybg0xdiyyopc7gyh2jc foreign key (client_id) references client
Hibernate: alter table rdv add constraint FK7pm5gu2otcsh0bjk4mw5tbq1k foreign key (type_id) references type_rdv
2022-02-09 10:39:12.408  INFO 132188 --- [  restartedMain] o.h.e.t.j.p.i.JtaPlatformInitiator       : HHH000490: Using JtaPlatform implementation: [org.hibernate.engine.transaction.jta.platform.internal.NoJtaPlatform]
2022-02-09 10:39:12.418  INFO 132188 --- [  restartedMain] j.LocalContainerEntityManagerFactoryBean : Initialized JPA EntityManagerFactory for persistence unit 'default'
2022-02-09 10:39:13.115  WARN 132188 --- [  restartedMain] JpaBaseConfiguration$JpaWebConfiguration : spring.jpa.open-in-view is enabled by default. Therefore, database queries may be performed during view rendering. Explicitly configure spring.jpa.open-in-view to disable this warning
2022-02-09 10:39:13.244  INFO 132188 --- [  restartedMain] pertySourcedRequestMappingHandlerMapping : Mapped URL path [/v2/api-docs] onto method [springfox.documentation.swagger2.web.Swagger2Controller#getDocumentation(String, HttpServletRequest)]
2022-02-09 10:39:13.367  WARN 132188 --- [  restartedMain] o.s.b.d.a.OptionalLiveReloadServer       : Unable to start LiveReload server
2022-02-09 10:39:13.537  WARN 132188 --- [  restartedMain] ConfigServletWebServerApplicationContext : Exception encountered during context initialization - cancelling refresh attempt: org.springframework.context.ApplicationContextException: Failed to start bean 'webServerStartStop'; nested exception is org.springframework.boot.web.server.WebServerException: Unable to start embedded Tomcat server
2022-02-09 10:39:13.542  INFO 132188 --- [  restartedMain] j.LocalContainerEntityManagerFactoryBean : Closing JPA EntityManagerFactory for persistence unit 'default'
2022-02-09 10:39:13.542  INFO 132188 --- [  restartedMain] .SchemaDropperImpl$DelayedDropActionImpl : HHH000477: Starting delayed evictData of schema as part of SessionFactory shut-down'
Hibernate: drop table if exists avocat CASCADE 
Hibernate: drop table if exists balance CASCADE 
Hibernate: drop table if exists balance_avocat CASCADE 
Hibernate: drop table if exists client CASCADE 
Hibernate: drop table if exists facture CASCADE 
Hibernate: drop table if exists rdv CASCADE 
Hibernate: drop table if exists type_rdv CASCADE 
2022-02-09 10:39:13.557  WARN 132188 --- [  restartedMain] o.s.b.f.support.DisposableBeanAdapter    : Invocation of destroy method failed on bean with name 'inMemoryDatabaseShutdownExecutor': org.h2.jdbc.JdbcSQLException: Database is already closed (to disable automatic closing at VM shutdown, add ";DB_CLOSE_ON_EXIT=FALSE" to the db URL) [90121-193]
2022-02-09 10:39:13.558  INFO 132188 --- [  restartedMain] com.zaxxer.hikari.HikariDataSource       : HikariPool-1 - Shutdown initiated...
2022-02-09 10:39:13.559  INFO 132188 --- [  restartedMain] com.zaxxer.hikari.HikariDataSource       : HikariPool-1 - Shutdown completed.
2022-02-09 10:39:13.561  INFO 132188 --- [  restartedMain] o.apache.catalina.core.StandardService   : Stopping service [Tomcat]
2022-02-09 10:39:13.570  INFO 132188 --- [  restartedMain] ConditionEvaluationReportLoggingListener : 

Error starting ApplicationContext. To display the conditions report re-run your application with 'debug' enabled.
2022-02-09 10:39:13.586 ERROR 132188 --- [  restartedMain] o.s.boot.SpringApplication               : Application run failed

org.springframework.context.ApplicationContextException: Failed to start bean 'webServerStartStop'; nested exception is org.springframework.boot.web.server.WebServerException: Unable to start embedded Tomcat server
	at org.springframework.context.support.DefaultLifecycleProcessor.doStart(DefaultLifecycleProcessor.java:181) ~[spring-context-5.3.9.jar:5.3.9]
	at org.springframework.context.support.DefaultLifecycleProcessor.access$200(DefaultLifecycleProcessor.java:54) ~[spring-context-5.3.9.jar:5.3.9]
	at org.springframework.context.support.DefaultLifecycleProcessor$LifecycleGroup.start(DefaultLifecycleProcessor.java:356) ~[spring-context-5.3.9.jar:5.3.9]
	at java.lang.Iterable.forEach(Iterable.java:75) ~[na:1.8.0_312]
	at org.springframework.context.support.DefaultLifecycleProcessor.startBeans(DefaultLifecycleProcessor.java:155) ~[spring-context-5.3.9.jar:5.3.9]
	at org.springframework.context.support.DefaultLifecycleProcessor.onRefresh(DefaultLifecycleProcessor.java:123) ~[spring-context-5.3.9.jar:5.3.9]
	at org.springframework.context.support.AbstractApplicationContext.finishRefresh(AbstractApplicationContext.java:935) ~[spring-context-5.3.9.jar:5.3.9]
	at org.springframework.context.support.AbstractApplicationContext.refresh(AbstractApplicationContext.java:586) ~[spring-context-5.3.9.jar:5.3.9]
	at org.springframework.boot.web.servlet.context.ServletWebServerApplicationContext.refresh(ServletWebServerApplicationContext.java:145) ~[spring-boot-2.5.4.jar:2.5.4]
	at org.springframework.boot.SpringApplication.refresh(SpringApplication.java:754) [spring-boot-2.5.4.jar:2.5.4]
	at org.springframework.boot.SpringApplication.refreshContext(SpringApplication.java:434) [spring-boot-2.5.4.jar:2.5.4]
	at org.springframework.boot.SpringApplication.run(SpringApplication.java:338) [spring-boot-2.5.4.jar:2.5.4]
	at org.springframework.boot.SpringApplication.run(SpringApplication.java:1343) [spring-boot-2.5.4.jar:2.5.4]
	at org.springframework.boot.SpringApplication.run(SpringApplication.java:1332) [spring-boot-2.5.4.jar:2.5.4]
	at fr.lightning.OrmJurilog.main(OrmJurilog.java:11) [classes/:na]
	at sun.reflect.NativeMethodAccessorImpl.invoke0(Native Method) ~[na:1.8.0_312]
	at sun.reflect.NativeMethodAccessorImpl.invoke(NativeMethodAccessorImpl.java:62) ~[na:1.8.0_312]
	at sun.reflect.DelegatingMethodAccessorImpl.invoke(DelegatingMethodAccessorImpl.java:43) ~[na:1.8.0_312]
	at java.lang.reflect.Method.invoke(Method.java:498) ~[na:1.8.0_312]
	at org.springframework.boot.devtools.restart.RestartLauncher.run(RestartLauncher.java:49) [spring-boot-devtools-2.5.4.jar:2.5.4]
Caused by: org.springframework.boot.web.server.WebServerException: Unable to start embedded Tomcat server
	at org.springframework.boot.web.embedded.tomcat.TomcatWebServer.start(TomcatWebServer.java:229) ~[spring-boot-2.5.4.jar:2.5.4]
	at org.springframework.boot.web.servlet.context.WebServerStartStopLifecycle.start(WebServerStartStopLifecycle.java:43) ~[spring-boot-2.5.4.jar:2.5.4]
	at org.springframework.context.support.DefaultLifecycleProcessor.doStart(DefaultLifecycleProcessor.java:178) ~[spring-context-5.3.9.jar:5.3.9]
	... 19 common frames omitted
Caused by: java.lang.IllegalArgumentException: standardService.connector.startFailed
	at org.apache.catalina.core.StandardService.addConnector(StandardService.java:238) ~[tomcat-embed-core-9.0.52.jar:9.0.52]
	at org.springframework.boot.web.embedded.tomcat.TomcatWebServer.addPreviouslyRemovedConnectors(TomcatWebServer.java:282) ~[spring-boot-2.5.4.jar:2.5.4]
	at org.springframework.boot.web.embedded.tomcat.TomcatWebServer.start(TomcatWebServer.java:213) ~[spring-boot-2.5.4.jar:2.5.4]
	... 21 common frames omitted
Caused by: org.apache.catalina.LifecycleException: Protocol handler start failed
	at org.apache.catalina.connector.Connector.startInternal(Connector.java:1075) ~[tomcat-embed-core-9.0.52.jar:9.0.52]
	at org.apache.catalina.util.LifecycleBase.start(LifecycleBase.java:183) ~[tomcat-embed-core-9.0.52.jar:9.0.52]
	at org.apache.catalina.core.StandardService.addConnector(StandardService.java:234) ~[tomcat-embed-core-9.0.52.jar:9.0.52]
	... 23 common frames omitted
Caused by: java.net.BindException: Adresse déjà utilisée
	at sun.nio.ch.Net.bind0(Native Method) ~[na:1.8.0_312]
	at sun.nio.ch.Net.bind(Net.java:461) ~[na:1.8.0_312]
	at sun.nio.ch.Net.bind(Net.java:453) ~[na:1.8.0_312]
	at sun.nio.ch.ServerSocketChannelImpl.bind(ServerSocketChannelImpl.java:222) ~[na:1.8.0_312]
	at org.apache.tomcat.util.net.NioEndpoint.initServerSocket(NioEndpoint.java:271) ~[tomcat-embed-core-9.0.52.jar:9.0.52]
	at org.apache.tomcat.util.net.NioEndpoint.bind(NioEndpoint.java:226) ~[tomcat-embed-core-9.0.52.jar:9.0.52]
	at org.apache.tomcat.util.net.AbstractEndpoint.bindWithCleanup(AbstractEndpoint.java:1208) ~[tomcat-embed-core-9.0.52.jar:9.0.52]
	at org.apache.tomcat.util.net.AbstractEndpoint.start(AbstractEndpoint.java:1294) ~[tomcat-embed-core-9.0.52.jar:9.0.52]
	at org.apache.coyote.AbstractProtocol.start(AbstractProtocol.java:614) ~[tomcat-embed-core-9.0.52.jar:9.0.52]
	at org.apache.catalina.connector.Connector.startInternal(Connector.java:1072) ~[tomcat-embed-core-9.0.52.jar:9.0.52]
	... 25 common frames omitted

[[1;34mINFO[m] [1m------------------------------------------------------------------------[m
[[1;34mINFO[m] [1;32mBUILD SUCCESS[m
[[1;34mINFO[m] [1m------------------------------------------------------------------------[m
[[1;34mINFO[m] Total time:  6.365 s
[[1;34mINFO[m] Finished at: 2022-02-09T10:39:13+01:00
[[1;34mINFO[m] [1m------------------------------------------------------------------------[m
2022-02-09 10:39:36.096  INFO 132052 --- [nio-8989-exec-1] o.a.c.c.C.[Tomcat].[localhost].[/]       : Initializing Spring DispatcherServlet 'dispatcherServlet'
2022-02-09 10:39:36.096  INFO 132052 --- [nio-8989-exec-1] o.s.web.servlet.DispatcherServlet        : Initializing Servlet 'dispatcherServlet'
2022-02-09 10:39:36.099  INFO 132052 --- [nio-8989-exec-1] o.s.web.servlet.DispatcherServlet        : Completed initialization in 3 ms
Hibernate: select client0_.id as id1_3_, client0_.adresse as adresse2_3_, client0_.nom as nom3_3_, client0_.password as password4_3_, client0_.phone as phone5_3_, client0_.prenom as prenom6_3_, client0_.type as type7_3_, client0_.username as username8_3_ from client client0_
Hibernate: select client0_.id as id1_3_, client0_.adresse as adresse2_3_, client0_.nom as nom3_3_, client0_.password as password4_3_, client0_.phone as phone5_3_, client0_.prenom as prenom6_3_, client0_.type as type7_3_, client0_.username as username8_3_ from client client0_
2022-02-09 11:17:15.100  INFO 132052 --- [ionShutdownHook] j.LocalContainerEntityManagerFactoryBean : Closing JPA EntityManagerFactory for persistence unit 'default'
2022-02-09 11:17:15.101  INFO 132052 --- [ionShutdownHook] .SchemaDropperImpl$DelayedDropActionImpl : HHH000477: Starting delayed evictData of schema as part of SessionFactory shut-down'
Hibernate: drop table if exists avocat CASCADE 
Hibernate: drop table if exists balance CASCADE 
Hibernate: drop table if exists balance_avocat CASCADE 
Hibernate: drop table if exists client CASCADE 
Hibernate: drop table if exists facture CASCADE 
Hibernate: drop table if exists rdv CASCADE 
Hibernate: drop table if exists type_rdv CASCADE 
2022-02-09 11:17:15.113  WARN 132052 --- [ionShutdownHook] o.s.b.f.support.DisposableBeanAdapter    : Invocation of destroy method failed on bean with name 'inMemoryDatabaseShutdownExecutor': org.h2.jdbc.JdbcSQLException: Database is already closed (to disable automatic closing at VM shutdown, add ";DB_CLOSE_ON_EXIT=FALSE" to the db URL) [90121-193]
2022-02-09 11:17:15.114  INFO 132052 --- [ionShutdownHook] com.zaxxer.hikari.HikariDataSource       : HikariPool-1 - Shutdown initiated...
2022-02-09 11:17:15.115  INFO 132052 --- [ionShutdownHook] com.zaxxer.hikari.HikariDataSource       : HikariPool-1 - Shutdown completed.
[[1;34mINFO[m] [1m------------------------------------------------------------------------[m
[[1;34mINFO[m] [1;31mBUILD FAILURE[m
[[1;34mINFO[m] [1m------------------------------------------------------------------------[m
[[1;34mINFO[m] Total time:  38:12 min
[[1;34mINFO[m] Finished at: 2022-02-09T11:17:15+01:00
[[1;34mINFO[m] [1m------------------------------------------------------------------------[m
[[1;31mERROR[m] Failed to execute goal [32morg.springframework.boot:spring-boot-maven-plugin:2.5.5:run[m [1m(default-cli)[m on project [36mOrm_JuriLog[m: [1;31mApplication finished with exit code: 143[m -> [1m[Help 1][m
[[1;31mERROR[m] 
[[1;31mERROR[m] To see the full stack trace of the errors, re-run Maven with the [1m-e[m switch.
[[1;31mERROR[m] Re-run Maven using the [1m-X[m switch to enable full debug logging.
[[1;31mERROR[m] 
[[1;31mERROR[m] For more information about the errors and possible solutions, please read the following articles:
[[1;31mERROR[m] [1m[Help 1][m http://cwiki.apache.org/confluence/display/MAVEN/MojoExecutionException
